<?xml version="1.0" encoding="UTF-8"?>
<testng-results skipped="0" failed="0" ignored="0" total="1" passed="1">
  <reporter-output>
  </reporter-output>
  <suite name="Default suite" duration-ms="113882" started-at="2019-11-20T17:39:41 EST" finished-at="2019-11-20T17:41:35 EST">
    <groups>
    </groups>
    <test name="Default test" duration-ms="113882" started-at="2019-11-20T17:39:41 EST" finished-at="2019-11-20T17:41:35 EST">
      <class name="expedia.testingexpedia">
        <test-method status="PASS" signature="beforeClass()[pri:0, instance:expedia.testingexpedia@3632be31]" name="beforeClass" is-config="true" duration-ms="13607" started-at="2019-11-20T17:39:41 EST" finished-at="2019-11-20T17:39:54 EST">
          <reporter-output>
          </reporter-output>
        </test-method> <!-- beforeClass -->
        <test-method status="PASS" signature="f()[pri:0, instance:expedia.testingexpedia@3632be31]" name="f" duration-ms="100221" started-at="2019-11-20T17:39:54 EST" finished-at="2019-11-20T17:41:35 EST">
          <reporter-output>
          </reporter-output>
        </test-method> <!-- f -->
        <test-method status="PASS" signature="afterClass()[pri:0, instance:expedia.testingexpedia@3632be31]" name="afterClass" is-config="true" duration-ms="0" started-at="2019-11-20T17:41:35 EST" finished-at="2019-11-20T17:41:35 EST">
          <reporter-output>
          </reporter-output>
        </test-method> <!-- afterClass -->
      </class> <!-- expedia.testingexpedia -->
    </test> <!-- Default test -->
  </suite> <!-- Default suite -->
</testng-results>
